# JRE version: Java(TM) SE Runtime Environment (17.0.12+8) (build 17.0.12+8-LTS-286)
# Java VM: Java HotSpot(TM) 64-Bit Server VM (17.0.12+8-LTS-286, mixed mode, sharing, tiered, compressed oops, compressed class ptrs, g1 gc, windows-amd64)
GC Precious Log:
 CPUs: 8 total, 8 available
 Memory: 8101M
 Large Page Support: Disabled
 NUMA Support: Disabled
 Compressed Oops: Enabled (32-bit)
 Heap Region Size: 1M
 Heap Min Capacity: 8M
 Heap Initial Capacity: 128M
 Heap Max Capacity: 2026M
 Pre-touch: Disabled
 Parallel Workers: 8
 Concurrent Workers: 2
 Concurrent Refinement Workers: 8
 Periodic GC: Disabled
Heap:
 garbage-first heap   total 131072K, used 67388K [0x0000000081600000, 0x0000000100000000)
  region size 1024K, 55 young (56320K), 4 survivors (4096K)
 Metaspace       used 20602K, committed 20928K, reserved 1114112K
  class space    used 2408K, committed 2560K, reserved 1048576K
GC Heap History (8 events):
Event: 5.248 GC heap before
{Heap before GC invocations=0 (full 0):
 garbage-first heap   total 131072K, used 23552K [0x0000000081600000, 0x0000000100000000)
  region size 1024K, 23 young (23552K), 0 survivors (0K)
 Metaspace       used 5426K, committed 5632K, reserved 1114112K
  class space    used 658K, committed 768K, reserved 1048576K
}
Event: 5.277 GC heap after
{Heap after GC invocations=1 (full 0):
 garbage-first heap   total 131072K, used 3669K [0x0000000081600000, 0x0000000100000000)
  region size 1024K, 3 young (3072K), 3 survivors (3072K)
 Metaspace       used 5426K, committed 5632K, reserved 1114112K
  class space    used 658K, committed 768K, reserved 1048576K
}
Event: 8.726 GC heap before
{Heap before GC invocations=1 (full 0):
 garbage-first heap   total 131072K, used 33365K [0x0000000081600000, 0x0000000100000000)
  region size 1024K, 32 young (32768K), 3 survivors (3072K)
 Metaspace       used 9385K, committed 9536K, reserved 1114112K
  class space    used 1140K, committed 1216K, reserved 1048576K
}
Event: 8.735 GC heap after
{Heap after GC invocations=2 (full 0):
 garbage-first heap   total 131072K, used 5296K [0x0000000081600000, 0x0000000100000000)
  region size 1024K, 2 young (2048K), 2 survivors (2048K)
 Metaspace       used 9385K, committed 9536K, reserved 1114112K
  class space    used 1140K, committed 1216K, reserved 1048576K
}
Event: 16.470 GC heap before
{Heap before GC invocations=2 (full 0):
 garbage-first heap   total 131072K, used 81072K [0x0000000081600000, 0x0000000100000000)
  region size 1024K, 76 young (77824K), 2 survivors (2048K)
 Metaspace       used 15478K, committed 15744K, reserved 1114112K
  class space    used 1860K, committed 1984K, reserved 1048576K
}
Event: 16.498 GC heap after
{Heap after GC invocations=3 (full 0):
 garbage-first heap   total 131072K, used 13104K [0x0000000081600000, 0x0000000100000000)
  region size 1024K, 10 young (10240K), 10 survivors (10240K)
 Metaspace       used 15478K, committed 15744K, reserved 1114112K
  class space    used 1860K, committed 1984K, reserved 1048576K
}
Event: 20.722 GC heap before
{Heap before GC invocations=3 (full 0):
 garbage-first heap   total 131072K, used 111408K [0x0000000081600000, 0x0000000100000000)
  region size 1024K, 75 young (76800K), 10 survivors (10240K)
 Metaspace       used 17972K, committed 18304K, reserved 1114112K
  class space    used 2081K, committed 2240K, reserved 1048576K
}
Event: 20.773 GC heap after
{Heap after GC invocations=4 (full 0):
 garbage-first heap   total 131072K, used 16188K [0x0000000081600000, 0x0000000100000000)
  region size 1024K, 4 young (4096K), 4 survivors (4096K)
 Metaspace       used 17972K, committed 18304K, reserved 1114112K
  class space    used 2081K, committed 2240K, reserved 1048576K
}

